\BOOKMARK [0][-]{chapter.1}{Installation of Frome}{}% 1
\BOOKMARK [1][-]{section.1.1}{Python}{chapter.1}% 2
\BOOKMARK [1][-]{section.1.2}{Python Setuptools}{chapter.1}% 3
\BOOKMARK [1][-]{section.1.3}{IPython, an interactive Python shell}{chapter.1}% 4
\BOOKMARK [1][-]{section.1.4}{Web server}{chapter.1}% 5
\BOOKMARK [1][-]{section.1.5}{Version control}{chapter.1}% 6
\BOOKMARK [1][-]{section.1.6}{Datastore web application}{chapter.1}% 7
\BOOKMARK [1][-]{section.1.7}{TODO}{chapter.1}% 8
\BOOKMARK [1][-]{section.1.8}{\(Maybe\) Not relevant}{chapter.1}% 9
\BOOKMARK [0][-]{chapter.2}{Installation of Pique}{}% 10
\BOOKMARK [1][-]{section.2.1}{Python}{chapter.2}% 11
\BOOKMARK [1][-]{section.2.2}{Python Setuptools}{chapter.2}% 12
\BOOKMARK [1][-]{section.2.3}{IPython, an interactive Python shell}{chapter.2}% 13
\BOOKMARK [1][-]{section.2.4}{Web server}{chapter.2}% 14
\BOOKMARK [1][-]{section.2.5}{Version control}{chapter.2}% 15
\BOOKMARK [1][-]{section.2.6}{Public database web application}{chapter.2}% 16
\BOOKMARK [1][-]{section.2.7}{TODO}{chapter.2}% 17
\BOOKMARK [0][-]{chapter.3}{Installation of Tietar}{}% 18
\BOOKMARK [1][-]{section.3.1}{Installation}{chapter.3}% 19
\BOOKMARK [1][-]{section.3.2}{Adding the hisparc group}{chapter.3}% 20
\BOOKMARK [1][-]{section.3.3}{Preparing for source install}{chapter.3}% 21
\BOOKMARK [1][-]{section.3.4}{Setting up RPMForge}{chapter.3}% 22
\BOOKMARK [1][-]{section.3.5}{Python}{chapter.3}% 23
\BOOKMARK [1][-]{section.3.6}{Python Setuptools}{chapter.3}% 24
\BOOKMARK [1][-]{section.3.7}{Web server}{chapter.3}% 25
\BOOKMARK [1][-]{section.3.8}{OpenVPN}{chapter.3}% 26
\BOOKMARK [1][-]{section.3.9}{Dnsmasq}{chapter.3}% 27
\BOOKMARK [1][-]{section.3.10}{Nagios}{chapter.3}% 28
\BOOKMARK [1][-]{section.3.11}{Version control}{chapter.3}% 29
\BOOKMARK [1][-]{section.3.12}{Setting up the HiSPARC public database scripts}{chapter.3}% 30
\BOOKMARK [1][-]{section.3.13}{Shoreline Firewall \(Shorewall\)}{chapter.3}% 31
\BOOKMARK [1][-]{section.3.14}{\(Maybe\) not relevant}{chapter.3}% 32
\BOOKMARK [0][-]{chapter.4}{Installation of Neckar}{}% 33
\BOOKMARK [1][-]{section.4.1}{Web server}{chapter.4}% 34
\BOOKMARK [1][-]{section.4.2}{MySQL Server}{chapter.4}% 35
\BOOKMARK [1][-]{section.4.3}{HiSPARC website}{chapter.4}% 36
\BOOKMARK [1][-]{section.4.4}{Website}{chapter.4}% 37
\BOOKMARK [0][-]{chapter.5}{Indices and tables}{}% 38
